SF:lib/models/post.dart
DA:8,6
DA:15,6
DA:16,12
DA:17,0
DA:19,12
DA:20,0
DA:25,2
DA:26,2
DA:29,2
DA:32,2
DA:36,4
DA:37,0
DA:38,2
DA:40,2
DA:41,0
DA:44,2
DA:45,2
DA:47,2
DA:48,2
DA:53,1
DA:54,1
DA:55,1
DA:56,1
DA:57,1
DA:58,1
DA:62,2
DA:69,2
DA:70,1
DA:71,2
DA:72,1
DA:73,1
DA:74,2
LF:32
LH:28
end_of_record
SF:lib/models/comment.dart
DA:9,5
DA:17,5
DA:18,10
DA:19,1
DA:21,10
DA:22,1
DA:24,10
DA:25,1
DA:30,2
DA:31,2
DA:34,2
DA:37,2
DA:40,2
DA:44,4
DA:45,2
DA:46,2
DA:48,2
DA:49,3
DA:52,2
DA:54,2
DA:55,2
DA:57,2
DA:59,2
DA:64,1
DA:65,1
DA:66,1
DA:67,1
DA:68,1
DA:69,1
DA:70,1
DA:74,1
DA:82,1
DA:83,1
DA:84,1
DA:85,1
DA:86,1
DA:87,1
DA:88,1
LF:38
LH:38
end_of_record
SF:lib/providers/post_providers.g.dart
DA:9,0
DA:13,3
DA:26,1
DA:30,0
DA:32,2
DA:34,4
DA:36,8
DA:37,4
DA:40,2
DA:42,8
DA:44,4
DA:45,8
DA:56,8
DA:59,2
DA:62,2
DA:67,0
DA:71,0
DA:72,0
DA:78,0
DA:83,0
DA:87,0
DA:94,2
DA:96,2
DA:97,2
DA:113,2
DA:121,2
DA:125,1
DA:129,1
DA:131,1
DA:132,2
DA:133,1
DA:138,1
DA:143,2
DA:145,2
DA:148,2
DA:150,8
DA:153,2
DA:155,6
DA:156,6
DA:158,2
DA:172,2
DA:174,0
DA:175,0
DA:178,1
DA:182,6
DA:183,3
LF:46
LH:36
end_of_record
SF:lib/providers/post_providers.dart
DA:15,0
DA:17,0
DA:27,12
DA:34,1
DA:35,1
DA:36,1
DA:37,3
DA:40,2
DA:47,2
DA:48,1
DA:49,2
DA:50,2
DA:51,2
DA:59,1
DA:64,1
DA:66,5
DA:71,2
DA:73,3
DA:76,4
DA:77,3
DA:80,1
DA:82,1
DA:83,0
DA:85,0
DA:88,3
DA:90,1
DA:95,1
DA:96,3
DA:99,4
DA:100,3
DA:101,3
DA:104,1
DA:105,0
DA:107,0
DA:110,3
DA:112,1
DA:117,1
DA:118,3
DA:122,4
DA:124,4
DA:125,3
DA:126,1
DA:128,3
DA:132,1
DA:133,0
DA:135,0
DA:138,3
DA:140,1
DA:145,1
DA:146,2
DA:147,3
DA:153,3
DA:154,3
DA:157,1
DA:163,1
DA:164,2
DA:166,2
DA:167,2
DA:168,2
DA:169,2
DA:170,1
DA:176,3
DA:179,3
DA:180,2
DA:186,3
DA:187,4
LF:66
LH:58
end_of_record
SF:lib/repositories/post_repository.dart
DA:9,1
DA:10,0
DA:12,1
DA:14,1
DA:15,2
DA:17,1
DA:22,1
DA:24,2
DA:25,2
DA:27,2
DA:32,1
DA:34,3
DA:35,2
DA:37,1
DA:42,1
DA:44,4
DA:45,2
DA:47,3
LF:18
LH:17
end_of_record
SF:lib/services/api_exception.dart
DA:8,3
DA:16,2
DA:18,4
DA:19,2
DA:20,6
DA:22,2
DA:23,2
DA:25,2
DA:26,2
LF:9
LH:9
end_of_record
SF:lib/services/api_service.dart
DA:15,1
DA:18,1
DA:20,1
DA:21,4
DA:22,0
DA:28,1
DA:35,1
DA:36,0
DA:40,1
DA:42,2
DA:44,4
DA:45,2
DA:46,1
DA:48,1
DA:50,1
DA:51,1
DA:54,1
DA:55,1
DA:56,1
DA:58,1
DA:59,1
DA:60,1
DA:63,1
DA:68,1
DA:69,1
DA:70,4
DA:74,0
DA:77,1
DA:78,1
DA:79,4
DA:80,1
DA:81,4
DA:86,1
DA:87,1
DA:88,3
DA:89,2
DA:91,1
DA:92,4
DA:93,1
DA:97,1
DA:98,1
DA:99,3
DA:100,1
DA:101,2
DA:102,1
DA:103,1
DA:104,1
DA:106,1
DA:110,2
DA:115,1
DA:118,3
DA:122,1
DA:123,3
DA:124,3
DA:125,2
DA:126,1
DA:127,1
DA:128,1
DA:129,1
DA:131,1
DA:135,2
DA:136,2
LF:62
LH:59
end_of_record
SF:lib/screens/posts_screen.dart
DA:8,1
DA:10,1
DA:11,1
DA:15,1
DA:17,1
DA:19,3
DA:20,5
DA:24,1
DA:26,3
DA:27,1
DA:29,1
DA:30,1
DA:33,1
DA:34,1
DA:35,1
DA:36,1
DA:37,1
DA:38,3
DA:40,1
DA:44,1
DA:45,1
DA:46,1
DA:47,2
DA:53,1
DA:54,1
DA:55,1
DA:57,1
DA:58,1
DA:72,1
DA:74,1
DA:76,1
DA:78,1
DA:79,1
DA:80,2
DA:86,1
DA:87,2
DA:90,1
DA:91,1
DA:93,1
DA:95,1
DA:96,0
DA:97,0
DA:99,0
DA:100,0
DA:108,3
DA:118,1
DA:120,1
DA:121,1
DA:125,1
DA:127,5
DA:129,1
DA:130,1
DA:131,0
DA:135,2
DA:138,1
DA:139,1
DA:140,1
DA:141,1
DA:142,1
DA:143,1
DA:146,1
DA:147,1
LF:62
LH:57
end_of_record
SF:lib/screens/create_post_screen.dart
DA:9,3
DA:11,2
DA:12,2
DA:21,2
DA:23,2
DA:24,9
DA:25,9
DA:28,2
DA:30,4
DA:31,4
DA:32,2
DA:35,1
DA:36,3
DA:37,3
DA:40,1
DA:41,3
DA:42,3
DA:43,2
DA:44,2
DA:47,2
DA:48,5
DA:50,5
DA:53,1
DA:54,2
DA:57,1
DA:58,3
DA:59,3
DA:62,1
DA:63,3
DA:69,2
DA:71,2
DA:72,2
DA:73,6
DA:75,2
DA:76,2
DA:77,2
DA:79,2
DA:80,2
DA:81,2
DA:83,2
DA:85,2
DA:86,2
DA:87,2
DA:90,2
DA:104,2
DA:105,2
DA:114,1
DA:115,1
DA:132,2
DA:133,2
DA:143,1
DA:144,1
DA:151,2
DA:152,2
DA:153,4
DA:154,2
DA:155,2
DA:156,2
DA:161,2
DA:164,2
DA:165,4
LF:61
LH:61
end_of_record
